<?xml version="1.0" encoding="UTF-8"?>
<!-- Generated by org.testng.reporters.JUnitReportReporter -->
<testsuite hostname="loadrunner-PC" name="satday_17_AUI.Drag_Drop" tests="1" failures="0" timestamp="18 Jun 2017 06:46:26 GMT" time="12.830" errors="0">
  <testcase name="aaa" time="12.830" classname="satday_17_AUI.Drag_Drop"/>
</testsuite> <!-- satday_17_AUI.Drag_Drop -->
