<?xml version="1.0" encoding="UTF-8"?>
<!-- Generated by org.testng.reporters.JUnitReportReporter -->
<testsuite hostname="loadrunner-PC" name="Sunday18_TestNG.WebTable3" tests="1" failures="0" timestamp="18 Jun 2017 09:01:30 GMT" time="15.339" errors="0">
  <testcase name="f" time="15.339" classname="Sunday18_TestNG.WebTable3"/>
</testsuite> <!-- Sunday18_TestNG.WebTable3 -->
