<?xml version="1.0" encoding="UTF-8"?>
<!-- Generated by org.testng.reporters.JUnitReportReporter -->
<testsuite hostname="loadrunner-PC" name="Sunday18_TestNG.NewTest" tests="2" failures="0" timestamp="18 Jun 2017 06:39:56 GMT" time="0.018" errors="0">
  <testcase name="z" time="0.012" classname="Sunday18_TestNG.NewTest"/>
  <testcase name="f" time="0.006" classname="Sunday18_TestNG.NewTest"/>
</testsuite> <!-- Sunday18_TestNG.NewTest -->
