<?xml version="1.0" encoding="UTF-8"?>
<!-- Generated by org.testng.reporters.JUnitReportReporter -->
<testsuite hostname="loadrunner-PC" name="satday_24.DownLoadFile_AutoIT" tests="1" failures="0" timestamp="24 Jun 2017 09:49:15 GMT" time="12.664" errors="0">
  <testcase name="f" time="12.664" classname="satday_24.DownLoadFile_AutoIT"/>
</testsuite> <!-- satday_24.DownLoadFile_AutoIT -->
