<?xml version="1.0" encoding="UTF-8"?>
<!-- Generated by org.testng.reporters.JUnitReportReporter -->
<testsuite hostname="loadrunner-PC" name="satday_24.Explicit_WebDriver_Wait" tests="1" failures="0" timestamp="24 Jun 2017 08:15:06 GMT" time="584.862" errors="0">
  <testcase name="f" time="584.862" classname="satday_24.Explicit_WebDriver_Wait"/>
</testsuite> <!-- satday_24.Explicit_WebDriver_Wait -->
