<?xml version="1.0" encoding="UTF-8"?>
<!-- Generated by org.testng.reporters.JUnitReportReporter -->
<testsuite hostname="loadrunner-PC" name="satday_24.ExplicitWait_Fluentwait" tests="1" failures="0" timestamp="24 Jun 2017 08:13:40 GMT" time="65.026" errors="0">
  <testcase name="waitTest" time="65.026" classname="satday_24.ExplicitWait_Fluentwait"/>
</testsuite> <!-- satday_24.ExplicitWait_Fluentwait -->
