<?xml version="1.0" encoding="UTF-8"?>
<!-- Generated by org.testng.reporters.JUnitReportReporter -->
<testsuite hostname="loadrunner-PC" name="Sunday18_TestNG.CheckBox_testing" tests="1" failures="0" timestamp="1 Jul 2017 11:10:06 GMT" time="32.241" errors="0">
  <testcase name="f" time="32.241" classname="Sunday18_TestNG.CheckBox_testing"/>
</testsuite> <!-- Sunday18_TestNG.CheckBox_testing -->
