<?xml version="1.0" encoding="UTF-8"?>
<!-- Generated by org.testng.reporters.JUnitReportReporter -->
<testsuite hostname="loadrunner-PC" name="Sunday18_TestNG.WebTable_Rows" tests="1" failures="0" timestamp="18 Jun 2017 08:49:45 GMT" time="49.699" errors="0">
  <testcase name="f" time="49.699" classname="Sunday18_TestNG.WebTable_Rows"/>
</testsuite> <!-- Sunday18_TestNG.WebTable_Rows -->
