<?xml version="1.0" encoding="UTF-8"?>
<!-- Generated by org.testng.reporters.JUnitReportReporter -->
<testsuite hostname="loadrunner-PC" name="satday_24.AutoIt_UploadFile" tests="1" failures="0" timestamp="24 Jun 2017 09:41:03 GMT" time="35.598" errors="0">
  <testcase name="f" time="35.598" classname="satday_24.AutoIt_UploadFile"/>
</testsuite> <!-- satday_24.AutoIt_UploadFile -->
