<?xml version="1.0" encoding="UTF-8"?>
<!-- Generated by org.testng.reporters.JUnitReportReporter -->
<testsuite hostname="loadrunner-PC" name="sunday_25.MultipleData_POI" tests="1" failures="0" timestamp="25 Jun 2017 06:56:01 GMT" time="21.832" errors="0">
  <testcase name="f" time="21.832" classname="sunday_25.MultipleData_POI"/>
</testsuite> <!-- sunday_25.MultipleData_POI -->
