<?xml version="1.0" encoding="UTF-8"?>
<!-- Generated by org.testng.reporters.JUnitReportReporter -->
<testsuite hostname="loadrunner-PC" name="satday_24.Robot_SaveFile" tests="1" failures="0" timestamp="24 Jun 2017 10:14:40 GMT" time="16.767" errors="0">
  <testcase name="f" time="16.767" classname="satday_24.Robot_SaveFile"/>
</testsuite> <!-- satday_24.Robot_SaveFile -->
