<?xml version="1.0" encoding="UTF-8"?>
<!-- Generated by org.testng.reporters.JUnitReportReporter -->
<testsuite hostname="loadrunner-PC" name="satday_24.Upload_File_Robot" tests="1" failures="0" timestamp="1 Jul 2017 11:10:06 GMT" time="21.142" errors="0">
  <testcase name="f" time="21.142" classname="satday_24.Upload_File_Robot"/>
</testsuite> <!-- satday_24.Upload_File_Robot -->
