<?xml version="1.0" encoding="UTF-8"?>
<!-- Generated by org.testng.reporters.JUnitReportReporter -->
<testsuite hostname="loadrunner-PC" name="Sunday18_TestNG.WebTable_Testing" tests="1" failures="0" timestamp="18 Jun 2017 08:02:22 GMT" time="24.418" errors="0">
  <testcase name="f" time="24.418" classname="Sunday18_TestNG.WebTable_Testing"/>
</testsuite> <!-- Sunday18_TestNG.WebTable_Testing -->
