<?xml version="1.0" encoding="UTF-8"?>
<!-- Generated by org.testng.reporters.JUnitReportReporter -->
<testsuite hostname="loadrunner-PC" name="Sunday18_TestNG.NewTest123" tests="2" failures="0" timestamp="24 Jun 2017 11:16:19 GMT" time="0.008" errors="0">
  <testcase name="cd" time="0.003" classname="Sunday18_TestNG.NewTest123"/>
  <testcase name="fg" time="0.005" classname="Sunday18_TestNG.NewTest123"/>
</testsuite> <!-- Sunday18_TestNG.NewTest123 -->
