<?xml version="1.0" encoding="UTF-8"?>
<!-- Generated by org.testng.reporters.JUnitReportReporter -->
<testsuite hostname="loadrunner-PC" name="satday_24.Multi_Windows_PopUps" tests="1" failures="0" timestamp="24 Jun 2017 07:11:01 GMT" time="31.095" errors="0">
  <testcase name="f" time="31.095" classname="satday_24.Multi_Windows_PopUps"/>
</testsuite> <!-- satday_24.Multi_Windows_PopUps -->
