<?xml version="1.0" encoding="UTF-8"?>
<!-- Generated by org.testng.reporters.JUnitReportReporter -->
<testsuite hostname="loadrunner-PC" name="satday_24.Calender_DAtePicker" tests="1" failures="0" timestamp="24 Jun 2017 06:44:55 GMT" time="33.295" errors="0">
  <testcase name="f" time="33.295" classname="satday_24.Calender_DAtePicker"/>
</testsuite> <!-- satday_24.Calender_DAtePicker -->
