<?xml version="1.0" encoding="UTF-8"?>
<!-- Generated by org.testng.reporters.JUnitReportReporter -->
<testsuite hostname="loadrunner-PC" name="satday_24.Login_JXL" tests="1" failures="0" timestamp="24 Jun 2017 11:48:35 GMT" time="15.430" errors="0">
  <testcase name="f" time="15.430" classname="satday_24.Login_JXL"/>
</testsuite> <!-- satday_24.Login_JXL -->
