<?xml version="1.0" encoding="UTF-8"?>
<!-- Generated by org.testng.reporters.JUnitReportReporter -->
<testsuite hostname="loadrunner-PC" name="sunday_25.Excel_POI" tests="1" failures="0" timestamp="25 Jun 2017 06:31:24 GMT" time="16.439" errors="0">
  <testcase name="f" time="16.439" classname="sunday_25.Excel_POI"/>
</testsuite> <!-- sunday_25.Excel_POI -->
